[debug] [2018-04-30T04:04:06.347Z] ----------------------------------------------------------------------
[debug] [2018-04-30T04:04:06.350Z] Command:       /usr/local/Cellar/node/9.8.0/bin/node /usr/local/bin/firebase deploy --only hosting --debug
[debug] [2018-04-30T04:04:06.350Z] CLI Version:   3.17.4
[debug] [2018-04-30T04:04:06.351Z] Platform:      darwin
[debug] [2018-04-30T04:04:06.351Z] Node Version:  v9.8.0
[debug] [2018-04-30T04:04:06.351Z] Time:          Sun Apr 29 2018 22:04:06 GMT-0600 (MDT)
[debug] [2018-04-30T04:04:06.351Z] ----------------------------------------------------------------------
[debug] 
[debug] [2018-04-30T04:04:06.368Z] > command requires scopes: ["email","openid","https://www.googleapis.com/auth/cloudplatformprojects.readonly","https://www.googleapis.com/auth/firebase","https://www.googleapis.com/auth/cloud-platform"]
[debug] [2018-04-30T04:04:06.368Z] > authorizing via signed-in user
[debug] [2018-04-30T04:04:06.370Z] > refreshing access token with scopes: ["email","https://www.googleapis.com/auth/cloud-platform","https://www.googleapis.com/auth/cloudplatformprojects.readonly","https://www.googleapis.com/auth/firebase","openid"]
[debug] [2018-04-30T04:04:06.370Z] >>> HTTP REQUEST POST https://www.googleapis.com/oauth2/v3/token  
 { refresh_token: '1/UVDg6a--eTXHz6dnC4OGc5oZz71qXcDh25X9yESv7i8',
  client_id: '563584335869-fgrhgmd47bqnekij5i8b5pr03ho849e6.apps.googleusercontent.com',
  client_secret: 'j9iVZfS8kkCEFUPaAeJV0sAi',
  grant_type: 'refresh_token',
  scope: 'email https://www.googleapis.com/auth/cloud-platform https://www.googleapis.com/auth/cloudplatformprojects.readonly https://www.googleapis.com/auth/firebase openid' } 
 Sun Apr 29 2018 22:04:06 GMT-0600 (MDT)
[debug] [2018-04-30T04:04:06.645Z] <<< HTTP RESPONSE 200
[debug] [2018-04-30T04:04:06.679Z] >>> HTTP REQUEST GET https://admin.firebase.com/v1/projects/gong-b2e93  
  
 Sun Apr 29 2018 22:04:06 GMT-0600 (MDT)
[debug] [2018-04-30T04:04:07.401Z] <<< HTTP RESPONSE 200
[debug] [2018-04-30T04:04:07.402Z] >>> HTTP REQUEST GET https://admin.firebase.com/v1/database/gong-b2e93/tokens  
  
 Sun Apr 29 2018 22:04:07 GMT-0600 (MDT)
[debug] [2018-04-30T04:04:07.910Z] <<< HTTP RESPONSE 200
[info] 
[info] === Deploying to 'gong-b2e93'...
[info] 
[info] i  deploying hosting
[info] i  hosting: preparing build/web directory for upload...
[debug] [2018-04-30T04:04:08.630Z] >>> HTTP REQUEST PUT https://deploy.firebase.com/v1/hosting/gong-b2e93/uploads/-LBJiCU3YZRUL9UgRBS1?fileCount=495&message=  
  
 Sun Apr 29 2018 22:04:08 GMT-0600 (MDT)
[debug] [2018-04-30T04:04:12.110Z] <<< HTTP RESPONSE 200
[debug] [2018-04-30T04:04:12.111Z] [hosting] .tgz uploaded successfully, waiting for extraction
[info] ✔  hosting: 495 files uploaded successfully
[debug] [2018-04-30T04:04:13.347Z] >>> HTTP REQUEST POST https://deploy.firebase.com/v1/projects/gong-b2e93/releases  
 { hosting: 
   { public: 'build/web',
     ignore: [ 'firebase.json', '**/.*', '**/node_modules/**' ],
     version: '-LBJiCU3YZRUL9UgRBS1',
     prefix: '-LBJiCU3YZRUL9UgRBS1/',
     manifest: [] } } 
 Sun Apr 29 2018 22:04:13 GMT-0600 (MDT)
[debug] [2018-04-30T04:04:14.569Z] <<< HTTP RESPONSE 200
[info] 
[info] ✔  Deploy complete!
[info] 
[info] Project Console: https://console.firebase.google.com/project/gong-b2e93/overview
[info] Hosting URL: https://gong-b2e93.firebaseapp.com
[debug] [2018-04-30T04:05:08.343Z] ----------------------------------------------------------------------
[debug] [2018-04-30T04:05:08.345Z] Command:       /usr/local/Cellar/node/9.8.0/bin/node /usr/local/bin/firebase deploy --only hosting --debug
[debug] [2018-04-30T04:05:08.345Z] CLI Version:   3.17.4
[debug] [2018-04-30T04:05:08.345Z] Platform:      darwin
[debug] [2018-04-30T04:05:08.345Z] Node Version:  v9.8.0
[debug] [2018-04-30T04:05:08.346Z] Time:          Sun Apr 29 2018 22:05:08 GMT-0600 (MDT)
[debug] [2018-04-30T04:05:08.346Z] ----------------------------------------------------------------------
[debug] 
[debug] [2018-04-30T04:05:08.361Z] > command requires scopes: ["email","openid","https://www.googleapis.com/auth/cloudplatformprojects.readonly","https://www.googleapis.com/auth/firebase","https://www.googleapis.com/auth/cloud-platform"]
[debug] [2018-04-30T04:05:08.362Z] > authorizing via signed-in user
[debug] [2018-04-30T04:05:08.365Z] >>> HTTP REQUEST GET https://admin.firebase.com/v1/projects/gong-b2e93  
  
 Sun Apr 29 2018 22:05:08 GMT-0600 (MDT)
[debug] [2018-04-30T04:05:08.756Z] <<< HTTP RESPONSE 200
[debug] [2018-04-30T04:05:08.757Z] >>> HTTP REQUEST GET https://admin.firebase.com/v1/database/gong-b2e93/tokens  
  
 Sun Apr 29 2018 22:05:08 GMT-0600 (MDT)
[debug] [2018-04-30T04:05:09.257Z] <<< HTTP RESPONSE 200
[info] 
[info] === Deploying to 'gong-b2e93'...
[info] 
[info] i  deploying hosting
[info] i  hosting: preparing build/web directory for upload...
[debug] [2018-04-30T04:05:09.827Z] >>> HTTP REQUEST PUT https://deploy.firebase.com/v1/hosting/gong-b2e93/uploads/-LBJiRSBtapG21IJyE5w?fileCount=495&message=  
  
 Sun Apr 29 2018 22:05:09 GMT-0600 (MDT)
[debug] [2018-04-30T04:05:13.038Z] <<< HTTP RESPONSE 200
[debug] [2018-04-30T04:05:13.038Z] [hosting] .tgz uploaded successfully, waiting for extraction
[info] ✔  hosting: 495 files uploaded successfully
[debug] [2018-04-30T04:05:14.483Z] >>> HTTP REQUEST POST https://deploy.firebase.com/v1/projects/gong-b2e93/releases  
 { hosting: 
   { public: 'build/web',
     ignore: [ 'firebase.json', '**/.*', '**/node_modules/**' ],
     version: '-LBJiRSBtapG21IJyE5w',
     prefix: '-LBJiRSBtapG21IJyE5w/',
     manifest: [] } } 
 Sun Apr 29 2018 22:05:14 GMT-0600 (MDT)
[debug] [2018-04-30T04:05:15.709Z] <<< HTTP RESPONSE 200
[info] 
[info] ✔  Deploy complete!
[info] 
[info] Project Console: https://console.firebase.google.com/project/gong-b2e93/overview
[info] Hosting URL: https://gong-b2e93.firebaseapp.com
